mode: set
github.com/cpalone/gohook/server.go:27.62,34.2 1 1
github.com/cpalone/gohook/server.go:36.66,38.21 2 1
github.com/cpalone/gohook/server.go:41.2,45.57 5 1
github.com/cpalone/gohook/server.go:48.2,48.13 1 1
github.com/cpalone/gohook/server.go:38.21,40.3 1 0
github.com/cpalone/gohook/server.go:45.57,47.3 1 0
github.com/cpalone/gohook/server.go:51.70,53.19 2 1
github.com/cpalone/gohook/server.go:102.2,102.59 1 1
github.com/cpalone/gohook/server.go:105.2,109.23 2 1
github.com/cpalone/gohook/server.go:54.2,55.25 1 1
github.com/cpalone/gohook/server.go:56.2,57.25 1 1
github.com/cpalone/gohook/server.go:58.2,59.34 1 1
github.com/cpalone/gohook/server.go:60.2,61.33 1 0
github.com/cpalone/gohook/server.go:62.2,63.27 1 0
github.com/cpalone/gohook/server.go:64.2,65.27 1 1
github.com/cpalone/gohook/server.go:66.2,67.27 1 0
github.com/cpalone/gohook/server.go:68.2,69.31 1 1
github.com/cpalone/gohook/server.go:70.2,71.31 1 0
github.com/cpalone/gohook/server.go:72.2,73.37 1 0
github.com/cpalone/gohook/server.go:74.2,75.25 1 0
github.com/cpalone/gohook/server.go:76.2,77.27 1 0
github.com/cpalone/gohook/server.go:78.2,79.27 1 0
github.com/cpalone/gohook/server.go:80.2,81.31 1 0
github.com/cpalone/gohook/server.go:82.2,83.30 1 0
github.com/cpalone/gohook/server.go:84.2,85.27 1 0
github.com/cpalone/gohook/server.go:86.2,87.32 1 0
github.com/cpalone/gohook/server.go:88.2,89.45 1 0
github.com/cpalone/gohook/server.go:90.2,91.28 1 0
github.com/cpalone/gohook/server.go:92.2,93.27 1 0
github.com/cpalone/gohook/server.go:94.2,95.28 1 1
github.com/cpalone/gohook/server.go:96.2,97.26 1 1
github.com/cpalone/gohook/server.go:98.2,100.9 2 0
github.com/cpalone/gohook/server.go:102.59,104.3 1 0
github.com/cpalone/gohook/server.go:114.70,117.26 2 1
github.com/cpalone/gohook/server.go:121.2,121.28 1 1
github.com/cpalone/gohook/server.go:125.2,126.21 2 1
github.com/cpalone/gohook/server.go:131.2,132.16 2 1
github.com/cpalone/gohook/server.go:137.2,137.52 1 1
github.com/cpalone/gohook/server.go:141.2,141.52 1 1
github.com/cpalone/gohook/server.go:117.26,119.3 1 0
github.com/cpalone/gohook/server.go:121.28,123.3 1 0
github.com/cpalone/gohook/server.go:126.21,129.3 2 0
github.com/cpalone/gohook/server.go:132.16,135.3 2 0
github.com/cpalone/gohook/server.go:137.52,140.3 2 0
github.com/cpalone/gohook/server.go:147.41,149.2 1 1
github.com/cpalone/gohook/server.go:154.37,155.12 1 1
github.com/cpalone/gohook/server.go:155.12,157.17 2 1
github.com/cpalone/gohook/server.go:157.17,159.4 1 0
